20.05.2021 10:36 [info] 	[v1.0.0] Backend is running: http://0.0.0.0:3000
20.05.2021 10:36 [info] 	[v1.0.0] FollowerController::getFollowersByProID -> Fetching followers data of the given profile ID
20.05.2021 10:56 [info] 	[v1.0.0] ProfileController::insertProfile -> Operation complete
20.05.2021 10:56 [info] 	[v1.0.0] FollowerController::getFollowersByProID -> Fetching followers data of the given profile ID
20.05.2021 10:57 [info] 	[v1.0.0] FollowerController::getFollowersByProID -> Fetching followers data of the given profile ID
20.05.2021 10:59 [info] 	[v1.0.0] FollowerController::getFollowersByProID -> Fetching followers data of the given profile ID
20.05.2021 10:59 [info] 	[v1.0.0] ProfileController::getAllProfiles -> Fetching all profiles
20.05.2021 10:59 [info] 	[v1.0.0] FollowerController::getFollowersByProID -> Fetching followers data of the given profile ID
20.05.2021 10:59 [info] 	[v1.0.0] FollowerController::addFollower -> Follower added
20.05.2021 10:59 [info] 	[v1.0.0] FollowerController::unFollow -> Follower removed
20.05.2021 11:01 [info] 	[v1.0.0] FollowerController::getFollowersByProID -> Fetching followers data of the given profile ID
20.05.2021 11:05 [info] 	[v1.0.0] FollowerController::getFollowersByProID -> Fetching followers data of the given profile ID
20.05.2021 11:07 [info] 	[v1.0.0] FollowerController::getFollowersByProID -> Fetching followers data of the given profile ID
20.05.2021 11:09 [info] 	[v1.0.0] FollowerController::getFollowersByProID -> Fetching followers data of the given profile ID
20.05.2021 11:09 [info] 	[v1.0.0] FollowerController::getFollowersByProID -> Fetching followers data of the given profile ID
20.05.2021 11:21 [info] 	[v1.0.0] ProfileController::insertProfile -> Operation complete
20.05.2021 11:21 [info] 	[v1.0.0] FollowerController::getFollowersByProID -> Fetching followers data of the given profile ID
20.05.2021 11:22 [info] 	[v1.0.0] PostController::insertPost -> Post added
20.05.2021 11:22 [info] 	[v1.0.0] PostController::getPostByProfileID -> Fetching posts data of the given profile ID
20.05.2021 11:22 [info] 	[v1.0.0] FollowerController::getFollowersByProID -> Fetching followers data of the given profile ID
20.05.2021 11:22 [info] 	[v1.0.0] FollowerController::getFollowersByProID -> Fetching followers data of the given profile ID
20.05.2021 11:22 [info] 	[v1.0.0] PostController::getPostByProfileID -> Fetching posts data of the given profile ID
20.05.2021 11:22 [info] 	[v1.0.0] FollowerController::getFollowersByProID -> Fetching followers data of the given profile ID
20.05.2021 11:23 [info] 	[v1.0.0] PostController::getPostByProfileID -> Fetching posts data of the given profile ID
20.05.2021 11:25 [info] 	[v1.0.0] PostController::getPostByProfileID -> Fetching posts data of the given profile ID
20.05.2021 11:26 [info] 	[v1.0.0] FollowerController::getFollowersByProID -> Fetching followers data of the given profile ID
20.05.2021 11:27 [info] 	[v1.0.0] FollowerController::getFollowersByProID -> Fetching followers data of the given profile ID
20.05.2021 11:28 [info] 	[v1.0.0] FollowerController::getFollowersByProID -> Fetching followers data of the given profile ID
20.05.2021 11:28 [info] 	[v1.0.0] PostController::getPostByProfileID -> Fetching posts data of the given profile ID
20.05.2021 11:28 [info] 	[v1.0.0] FollowerController::getFollowersByProID -> Fetching followers data of the given profile ID
20.05.2021 11:30 [info] 	[v1.0.0] FollowerController::getFollowersByProID -> Fetching followers data of the given profile ID
20.05.2021 11:30 [info] 	[v1.0.0] FollowerController::getFollowersByProID -> Fetching followers data of the given profile ID
20.05.2021 11:31 [info] 	[v1.0.0] FollowerController::getFollowersByProID -> Fetching followers data of the given profile ID
20.05.2021 11:31 [info] 	[v1.0.0] PostController::getPostByProfileID -> Fetching posts data of the given profile ID
20.05.2021 11:31 [info] 	[v1.0.0] FollowerController::getFollowersByProID -> Fetching followers data of the given profile ID
20.05.2021 11:32 [info] 	[v1.0.0] FollowerController::getFollowersByProID -> Fetching followers data of the given profile ID
20.05.2021 11:32 [info] 	[v1.0.0] FollowerController::getFollowersByProID -> Fetching followers data of the given profile ID
20.05.2021 11:33 [info] 	[v1.0.0] FollowerController::getFollowersByProID -> Fetching followers data of the given profile ID
20.05.2021 11:33 [info] 	[v1.0.0] FollowerController::getFollowersByProID -> Fetching followers data of the given profile ID
20.05.2021 11:33 [info] 	[v1.0.0] FollowerController::getFollowersByProID -> Fetching followers data of the given profile ID
20.05.2021 11:33 [info] 	[v1.0.0] FollowerController::getFollowersByProID -> Fetching followers data of the given profile ID
20.05.2021 11:36 [info] 	[v1.0.0] ProfileController::getAllProfiles -> Fetching all profiles
20.05.2021 11:36 [info] 	[v1.0.0] FollowerController::getFollowersByProID -> Fetching followers data of the given profile ID
20.05.2021 11:36 [info] 	[v1.0.0] FollowerController::unFollow -> Follower removed
20.05.2021 11:36 [info] 	[v1.0.0] FollowerController::unFollow -> Follower removed
20.05.2021 11:37 [info] 	[v1.0.0] FollowerController::addFollower -> Follower added
20.05.2021 11:37 [info] 	[v1.0.0] FollowerController::addFollower -> Follower added
20.05.2021 11:37 [info] 	[v1.0.0] PostController::getPostByProfileID -> Fetching posts data of the given profile ID
20.05.2021 11:37 [info] 	[v1.0.0] FollowerController::getFollowersByProID -> Fetching followers data of the given profile ID
20.05.2021 11:37 [info] 	[v1.0.0] PostController::insertPost -> Post added
20.05.2021 11:37 [info] 	[v1.0.0] PostController::getPostByProfileID -> Fetching posts data of the given profile ID
20.05.2021 11:37 [info] 	[v1.0.0] FollowerController::getFollowersByProID -> Fetching followers data of the given profile ID
20.05.2021 11:38 [info] 	[v1.0.0] FollowerController::getFollowersByProID -> Fetching followers data of the given profile ID
20.05.2021 11:38 [info] 	[v1.0.0] ProfileController::getAllProfiles -> Fetching all profiles
20.05.2021 11:38 [info] 	[v1.0.0] FollowerController::getFollowersByProID -> Fetching followers data of the given profile ID
20.05.2021 11:39 [info] 	[v1.0.0] PostController::getPostByProfileID -> Fetching posts data of the given profile ID
20.05.2021 11:39 [info] 	[v1.0.0] FollowerController::getFollowersByProID -> Fetching followers data of the given profile ID
20.05.2021 11:39 [info] 	[v1.0.0] ProfileController::getAllProfiles -> Fetching all profiles
20.05.2021 11:39 [info] 	[v1.0.0] FollowerController::getFollowersByProID -> Fetching followers data of the given profile ID
20.05.2021 11:39 [info] 	[v1.0.0] FollowerController::getFollowersByProID -> Fetching followers data of the given profile ID
20.05.2021 11:39 [info] 	[v1.0.0] ProfileController::getAllProfiles -> Fetching all profiles
20.05.2021 11:39 [info] 	[v1.0.0] FollowerController::getFollowersByProID -> Fetching followers data of the given profile ID
20.05.2021 11:40 [info] 	[v1.0.0] FollowerController::getFollowersByProID -> Fetching followers data of the given profile ID
20.05.2021 11:40 [info] 	[v1.0.0] ProfileController::getAllProfiles -> Fetching all profiles
20.05.2021 11:40 [info] 	[v1.0.0] FollowerController::getFollowersByProID -> Fetching followers data of the given profile ID
20.05.2021 11:40 [info] 	[v1.0.0] FollowerController::getFollowersByProID -> Fetching followers data of the given profile ID
20.05.2021 11:40 [info] 	[v1.0.0] ProfileController::getAllProfiles -> Fetching all profiles
20.05.2021 11:40 [info] 	[v1.0.0] FollowerController::getFollowersByProID -> Fetching followers data of the given profile ID
20.05.2021 11:40 [info] 	[v1.0.0] FollowerController::getFollowersByProID -> Fetching followers data of the given profile ID
20.05.2021 11:40 [info] 	[v1.0.0] ProfileController::getAllProfiles -> Fetching all profiles
20.05.2021 11:40 [info] 	[v1.0.0] FollowerController::getFollowersByProID -> Fetching followers data of the given profile ID
20.05.2021 11:40 [info] 	[v1.0.0] ProfileController::getAllProfiles -> Fetching all profiles
20.05.2021 11:40 [info] 	[v1.0.0] FollowerController::getFollowersByProID -> Fetching followers data of the given profile ID
20.05.2021 11:50 [info] 	[v1.0.0] Backend is running: http://0.0.0.0:3000
20.05.2021 11:51 [info] 	[v1.0.0] Backend is running: http://0.0.0.0:3000
20.05.2021 11:52 [info] 	[v1.0.0] Backend is running: http://0.0.0.0:3000
20.05.2021 11:52 [info] 	[v1.0.0] ProfileController::getProfileData -> Fetching profile data of the given ID
20.05.2021 11:52 [error] 	[v1.0.0] ProfileController::getProfileData -> Failed to fetch profile data of the given ID
20.05.2021 11:53 [info] 	[v1.0.0] Backend is running: http://0.0.0.0:3000
20.05.2021 11:53 [info] 	[v1.0.0] ProfileController::getProfileData -> Fetching profile data of the given ID
20.05.2021 11:53 [error] 	[v1.0.0] ProfileController::getProfileData -> Failed to fetch profile data of the given ID
20.05.2021 11:54 [info] 	[v1.0.0] Backend is running: http://0.0.0.0:3000
20.05.2021 11:54 [info] 	[v1.0.0] ProfileController::getProfileData -> Fetching profile data of the given ID
20.05.2021 11:54 [error] 	[v1.0.0] ProfileController::getProfileData -> Failed to fetch profile data of the given ID
20.05.2021 11:54 [info] 	[v1.0.0] Backend is running: http://0.0.0.0:3000
20.05.2021 11:54 [info] 	[v1.0.0] ProfileController::getProfileData -> Fetching profile data of the given ID
20.05.2021 11:54 [error] 	[v1.0.0] ProfileController::getProfileData -> Failed to fetch profile data of the given ID
20.05.2021 11:54 [info] 	[v1.0.0] Backend is running: http://0.0.0.0:3000
20.05.2021 11:54 [info] 	[v1.0.0] ProfileController::getProfileData -> Fetching profile data of the given ID
20.05.2021 11:54 [error] 	[v1.0.0] ProfileController::getProfileData -> Failed to fetch profile data of the given ID
20.05.2021 11:55 [info] 	[v1.0.0] Backend is running: http://0.0.0.0:3000
20.05.2021 11:55 [info] 	[v1.0.0] ProfileController::getProfileData -> Fetching profile data of the given ID
20.05.2021 11:56 [info] 	[v1.0.0] Backend is running: http://0.0.0.0:3000
20.05.2021 11:56 [info] 	[v1.0.0] ProfileController::getProfileData -> Fetching profile data of the given ID
20.05.2021 11:56 [info] 	[v1.0.0] Backend is running: http://0.0.0.0:3000
20.05.2021 11:56 [info] 	[v1.0.0] ProfileController::getProfileData -> Fetching profile data of the given ID
20.05.2021 11:57 [info] 	[v1.0.0] PostController::getPostByProfileID -> Fetching posts data of the given profile ID
20.05.2021 11:57 [info] 	[v1.0.0] FollowerController::getFollowersByProID -> Fetching followers data of the given profile ID
20.05.2021 11:59 [info] 	[v1.0.0] Backend is running: http://0.0.0.0:3000
20.05.2021 11:59 [info] 	[v1.0.0] ProfileController::getProfileData -> Fetching profile data of the given ID
20.05.2021 11:59 [info] 	[v1.0.0] ProfileController::getAllProfiles -> Fetching all profiles
20.05.2021 11:59 [info] 	[v1.0.0] FollowerController::getFollowersByProID -> Fetching followers data of the given profile ID
20.05.2021 11:59 [info] 	[v1.0.0] FollowerController::unFollow -> Follower removed
20.05.2021 11:59 [info] 	[v1.0.0] FollowerController::unFollow -> Follower removed
20.05.2021 11:59 [info] 	[v1.0.0] ProfileController::getProfileData -> Fetching profile data of the given ID
20.05.2021 12:00 [info] 	[v1.0.0] ProfileController::getAllProfiles -> Fetching all profiles
20.05.2021 12:00 [info] 	[v1.0.0] FollowerController::getFollowersByProID -> Fetching followers data of the given profile ID
20.05.2021 12:00 [info] 	[v1.0.0] FollowerController::addFollower -> Follower added
20.05.2021 12:00 [info] 	[v1.0.0] ProfileController::getProfileData -> Fetching profile data of the given ID
20.05.2021 12:03 [info] 	[v1.0.0] Backend is running: http://0.0.0.0:3000
20.05.2021 12:05 [info] 	[v1.0.0] Backend is running: http://0.0.0.0:3000
20.05.2021 12:05 [info] 	[v1.0.0] ProfileController::getProfileData -> Fetching profile data of the given ID
20.05.2021 12:05 [info] 	[v1.0.0] Backend is running: http://0.0.0.0:3000
20.05.2021 12:05 [info] 	[v1.0.0] ProfileController::getProfileData -> Fetching profile data of the given ID
20.05.2021 12:05 [info] 	[v1.0.0] ProfileController::getAllProfiles -> Fetching all profiles
20.05.2021 12:05 [info] 	[v1.0.0] FollowerController::getFollowersByProID -> Fetching followers data of the given profile ID
20.05.2021 12:05 [info] 	[v1.0.0] FollowerController::addFollower -> Follower added
20.05.2021 12:05 [info] 	[v1.0.0] ProfileController::getProfileData -> Fetching profile data of the given ID
20.05.2021 12:05 [info] 	[v1.0.0] ProfileController::insertProfile -> Operation complete
20.05.2021 12:05 [info] 	[v1.0.0] FollowerController::getFollowersByProID -> Fetching followers data of the given profile ID
20.05.2021 12:05 [info] 	[v1.0.0] ProfileController::getAllProfiles -> Fetching all profiles
20.05.2021 12:05 [info] 	[v1.0.0] FollowerController::getFollowersByProID -> Fetching followers data of the given profile ID
20.05.2021 12:05 [info] 	[v1.0.0] FollowerController::addFollower -> Follower added
20.05.2021 12:06 [info] 	[v1.0.0] ProfileController::getProfileData -> Fetching profile data of the given ID
20.05.2021 12:08 [info] 	[v1.0.0] FollowerController::getFollowersByProID -> Fetching followers data of the given profile ID
20.05.2021 12:12 [info] 	[v1.0.0] FollowerController::getFollowersByProID -> Fetching followers data of the given profile ID
20.05.2021 12:12 [info] 	[v1.0.0] FollowerController::getFollowersByProID -> Fetching followers data of the given profile ID
20.05.2021 12:12 [info] 	[v1.0.0] FollowerController::getFollowersByProID -> Fetching followers data of the given profile ID
20.05.2021 12:12 [info] 	[v1.0.0] FollowerController::getFollowersByProID -> Fetching followers data of the given profile ID
20.05.2021 12:13 [info] 	[v1.0.0] FollowerController::getFollowersByProID -> Fetching followers data of the given profile ID
20.05.2021 12:13 [info] 	[v1.0.0] ProfileController::getProfileData -> Fetching profile data of the given ID
20.05.2021 12:13 [info] 	[v1.0.0] FollowerController::getFollowersByProID -> Fetching followers data of the given profile ID
20.05.2021 12:13 [info] 	[v1.0.0] ProfileController::getProfileData -> Fetching profile data of the given ID
20.05.2021 12:13 [info] 	[v1.0.0] FollowerController::getFollowersByProID -> Fetching followers data of the given profile ID
20.05.2021 12:13 [info] 	[v1.0.0] ProfileController::getProfileData -> Fetching profile data of the given ID
20.05.2021 12:13 [info] 	[v1.0.0] FollowerController::getFollowersByProID -> Fetching followers data of the given profile ID
20.05.2021 12:13 [info] 	[v1.0.0] ProfileController::getProfileData -> Fetching profile data of the given ID
20.05.2021 12:14 [info] 	[v1.0.0] FollowerController::getFollowersByProID -> Fetching followers data of the given profile ID
20.05.2021 12:14 [info] 	[v1.0.0] ProfileController::getProfileData -> Fetching profile data of the given ID
20.05.2021 12:14 [info] 	[v1.0.0] FollowerController::getFollowersByProID -> Fetching followers data of the given profile ID
20.05.2021 12:14 [info] 	[v1.0.0] ProfileController::getProfileData -> Fetching profile data of the given ID
20.05.2021 12:14 [info] 	[v1.0.0] FollowerController::getFollowersByProID -> Fetching followers data of the given profile ID
20.05.2021 12:14 [info] 	[v1.0.0] ProfileController::getProfileData -> Fetching profile data of the given ID
20.05.2021 12:15 [info] 	[v1.0.0] FollowerController::getFollowersByProID -> Fetching followers data of the given profile ID
20.05.2021 12:15 [info] 	[v1.0.0] ProfileController::getProfileData -> Fetching profile data of the given ID
20.05.2021 12:15 [info] 	[v1.0.0] Backend is running: http://0.0.0.0:3000
20.05.2021 12:16 [info] 	[v1.0.0] FollowerController::getFollowersByProID -> Fetching followers data of the given profile ID
20.05.2021 12:16 [info] 	[v1.0.0] ProfileController::getProfileData -> Fetching profile data of the given ID
20.05.2021 12:27 [info] 	[v1.0.0] FollowerController::getFollowersByProID -> Fetching followers data of the given profile ID
20.05.2021 12:27 [info] 	[v1.0.0] ProfileController::getProfileData -> Fetching profile data of the given ID
20.05.2021 12:28 [info] 	[v1.0.0] FollowerController::getFollowersByProID -> Fetching followers data of the given profile ID
20.05.2021 12:28 [info] 	[v1.0.0] ProfileController::getProfileData -> Fetching profile data of the given ID
20.05.2021 12:30 [info] 	[v1.0.0] FollowerController::getFollowersByProID -> Fetching followers data of the given profile ID
20.05.2021 12:30 [info] 	[v1.0.0] ProfileController::getProfileData -> Fetching profile data of the given ID
20.05.2021 12:30 [info] 	[v1.0.0] FollowerController::getFollowersByProID -> Fetching followers data of the given profile ID
20.05.2021 12:30 [info] 	[v1.0.0] ProfileController::getProfileData -> Fetching profile data of the given ID
20.05.2021 12:31 [info] 	[v1.0.0] FollowerController::getFollowersByProID -> Fetching followers data of the given profile ID
20.05.2021 12:31 [info] 	[v1.0.0] ProfileController::getProfileData -> Fetching profile data of the given ID
20.05.2021 12:34 [info] 	[v1.0.0] FollowerController::getFollowersByProID -> Fetching followers data of the given profile ID
20.05.2021 12:34 [info] 	[v1.0.0] ProfileController::getProfileData -> Fetching profile data of the given ID
20.05.2021 12:34 [info] 	[v1.0.0] FollowerController::getFollowersByProID -> Fetching followers data of the given profile ID
20.05.2021 12:34 [info] 	[v1.0.0] ProfileController::getProfileData -> Fetching profile data of the given ID
20.05.2021 12:36 [info] 	[v1.0.0] FollowerController::getFollowersByProID -> Fetching followers data of the given profile ID
20.05.2021 12:36 [info] 	[v1.0.0] ProfileController::getProfileData -> Fetching profile data of the given ID
20.05.2021 12:36 [info] 	[v1.0.0] FollowerController::getFollowersByProID -> Fetching followers data of the given profile ID
20.05.2021 12:36 [info] 	[v1.0.0] ProfileController::getProfileData -> Fetching profile data of the given ID
20.05.2021 12:36 [info] 	[v1.0.0] FollowerController::getFollowersByProID -> Fetching followers data of the given profile ID
20.05.2021 12:36 [info] 	[v1.0.0] ProfileController::getProfileData -> Fetching profile data of the given ID
20.05.2021 12:38 [info] 	[v1.0.0] FollowerController::getFollowersByProID -> Fetching followers data of the given profile ID
20.05.2021 12:38 [info] 	[v1.0.0] ProfileController::getProfileData -> Fetching profile data of the given ID
20.05.2021 13:00 [info] 	[v1.0.0] FollowerController::getFollowersByProID -> Fetching followers data of the given profile ID
20.05.2021 13:00 [info] 	[v1.0.0] ProfileController::getProfileData -> Fetching profile data of the given ID
20.05.2021 14:11 [info] 	[v1.0.0] FollowerController::getFollowersByProID -> Fetching followers data of the given profile ID
20.05.2021 14:11 [info] 	[v1.0.0] ProfileController::getProfileData -> Fetching profile data of the given ID
20.05.2021 14:12 [info] 	[v1.0.0] FollowerController::getFollowersByProID -> Fetching followers data of the given profile ID
20.05.2021 14:12 [info] 	[v1.0.0] ProfileController::getProfileData -> Fetching profile data of the given ID
20.05.2021 14:12 [info] 	[v1.0.0] FollowerController::getFollowersByProID -> Fetching followers data of the given profile ID
20.05.2021 14:12 [info] 	[v1.0.0] ProfileController::getProfileData -> Fetching profile data of the given ID
20.05.2021 14:12 [info] 	[v1.0.0] FollowerController::getFollowersByProID -> Fetching followers data of the given profile ID
20.05.2021 14:12 [info] 	[v1.0.0] ProfileController::getProfileData -> Fetching profile data of the given ID
20.05.2021 14:12 [info] 	[v1.0.0] ProfileController::getAllProfiles -> Fetching all profiles
20.05.2021 14:12 [info] 	[v1.0.0] FollowerController::getFollowersByProID -> Fetching followers data of the given profile ID
20.05.2021 14:12 [info] 	[v1.0.0] FollowerController::addFollower -> Follower added
20.05.2021 14:12 [info] 	[v1.0.0] FollowerController::getFollowersByProID -> Fetching followers data of the given profile ID
20.05.2021 14:12 [info] 	[v1.0.0] ProfileController::getProfileData -> Fetching profile data of the given ID
20.05.2021 14:13 [info] 	[v1.0.0] FollowerController::getFollowersByProID -> Fetching followers data of the given profile ID
20.05.2021 14:13 [info] 	[v1.0.0] ProfileController::getProfileData -> Fetching profile data of the given ID
20.05.2021 14:14 [info] 	[v1.0.0] Backend is running: http://0.0.0.0:3000
20.05.2021 14:14 [info] 	[v1.0.0] FollowerController::getFollowersByProID -> Fetching followers data of the given profile ID
20.05.2021 14:14 [info] 	[v1.0.0] ProfileController::getProfileData -> Fetching profile data of the given ID
20.05.2021 14:17 [info] 	[v1.0.0] FollowerController::getFollowersByProID -> Fetching followers data of the given profile ID
20.05.2021 14:17 [info] 	[v1.0.0] ProfileController::getProfileData -> Fetching profile data of the given ID
20.05.2021 14:17 [info] 	[v1.0.0] FollowerController::getFollowersByProID -> Fetching followers data of the given profile ID
20.05.2021 14:17 [info] 	[v1.0.0] FollowerController::getFollowersByProID -> Fetching followers data of the given profile ID
20.05.2021 14:17 [info] 	[v1.0.0] ProfileController::getProfileData -> Fetching profile data of the given ID
20.05.2021 14:17 [info] 	[v1.0.0] FollowerController::getFollowersByProID -> Fetching followers data of the given profile ID
20.05.2021 14:17 [info] 	[v1.0.0] ProfileController::getAllProfiles -> Fetching all profiles
20.05.2021 14:17 [info] 	[v1.0.0] FollowerController::getFollowersByProID -> Fetching followers data of the given profile ID
20.05.2021 14:17 [info] 	[v1.0.0] FollowerController::unFollow -> Follower removed
20.05.2021 14:17 [info] 	[v1.0.0] FollowerController::unFollow -> Follower removed
20.05.2021 14:17 [info] 	[v1.0.0] FollowerController::addFollower -> Follower added
20.05.2021 14:17 [info] 	[v1.0.0] FollowerController::addFollower -> Follower added
20.05.2021 14:18 [info] 	[v1.0.0] FollowerController::getFollowersByProID -> Fetching followers data of the given profile ID
20.05.2021 14:18 [info] 	[v1.0.0] ProfileController::getProfileData -> Fetching profile data of the given ID
20.05.2021 14:18 [info] 	[v1.0.0] FollowerController::getFollowersByProID -> Fetching followers data of the given profile ID
20.05.2021 14:18 [info] 	[v1.0.0] FollowerController::getFollowersByProID -> Fetching followers data of the given profile ID
20.05.2021 14:18 [info] 	[v1.0.0] ProfileController::getProfileData -> Fetching profile data of the given ID
20.05.2021 14:18 [info] 	[v1.0.0] FollowerController::getFollowersByProID -> Fetching followers data of the given profile ID
20.05.2021 14:18 [info] 	[v1.0.0] ProfileController::getAllProfiles -> Fetching all profiles
20.05.2021 14:18 [info] 	[v1.0.0] FollowerController::getFollowersByProID -> Fetching followers data of the given profile ID
20.05.2021 14:18 [info] 	[v1.0.0] FollowerController::unFollow -> Follower removed
20.05.2021 14:18 [info] 	[v1.0.0] FollowerController::addFollower -> Follower added
20.05.2021 14:18 [info] 	[v1.0.0] FollowerController::getFollowersByProID -> Fetching followers data of the given profile ID
20.05.2021 14:18 [info] 	[v1.0.0] ProfileController::getProfileData -> Fetching profile data of the given ID
20.05.2021 14:18 [info] 	[v1.0.0] FollowerController::getFollowersByProID -> Fetching followers data of the given profile ID
20.05.2021 14:19 [info] 	[v1.0.0] FollowerController::getFollowersByProID -> Fetching followers data of the given profile ID
20.05.2021 14:19 [info] 	[v1.0.0] ProfileController::getProfileData -> Fetching profile data of the given ID
20.05.2021 14:19 [info] 	[v1.0.0] FollowerController::getFollowersByProID -> Fetching followers data of the given profile ID
20.05.2021 14:19 [info] 	[v1.0.0] FollowerController::getFollowersByProID -> Fetching followers data of the given profile ID
20.05.2021 14:19 [info] 	[v1.0.0] ProfileController::getProfileData -> Fetching profile data of the given ID
20.05.2021 14:19 [info] 	[v1.0.0] FollowerController::getFollowersByProID -> Fetching followers data of the given profile ID
20.05.2021 14:24 [info] 	[v1.0.0] ProfileController::insertProfile -> Operation complete
20.05.2021 14:24 [info] 	[v1.0.0] FollowerController::getFollowersByProID -> Fetching followers data of the given profile ID
20.05.2021 14:24 [info] 	[v1.0.0] ProfileController::getProfileData -> Fetching profile data of the given ID
20.05.2021 14:24 [info] 	[v1.0.0] FollowerController::getFollowersByProID -> Fetching followers data of the given profile ID
20.05.2021 14:25 [info] 	[v1.0.0] ProfileController::getAllProfiles -> Fetching all profiles
20.05.2021 14:25 [info] 	[v1.0.0] FollowerController::getFollowersByProID -> Fetching followers data of the given profile ID
20.05.2021 14:26 [info] 	[v1.0.0] FollowerController::getFollowersByProID -> Fetching followers data of the given profile ID
20.05.2021 14:26 [info] 	[v1.0.0] ProfileController::getProfileData -> Fetching profile data of the given ID
20.05.2021 14:26 [info] 	[v1.0.0] FollowerController::getFollowersByProID -> Fetching followers data of the given profile ID
20.05.2021 14:26 [info] 	[v1.0.0] ProfileController::getAllProfiles -> Fetching all profiles
20.05.2021 14:26 [info] 	[v1.0.0] FollowerController::getFollowersByProID -> Fetching followers data of the given profile ID
20.05.2021 14:26 [info] 	[v1.0.0] FollowerController::unFollow -> Follower removed
20.05.2021 14:26 [info] 	[v1.0.0] FollowerController::unFollow -> Follower removed
20.05.2021 14:26 [info] 	[v1.0.0] FollowerController::addFollower -> Follower added
20.05.2021 14:26 [info] 	[v1.0.0] FollowerController::addFollower -> Follower added
20.05.2021 14:26 [info] 	[v1.0.0] FollowerController::unFollow -> Follower removed
20.05.2021 14:26 [info] 	[v1.0.0] FollowerController::unFollow -> Follower removed
20.05.2021 14:26 [info] 	[v1.0.0] FollowerController::addFollower -> Follower added
20.05.2021 14:26 [info] 	[v1.0.0] FollowerController::addFollower -> Follower added
20.05.2021 14:26 [info] 	[v1.0.0] FollowerController::unFollow -> Follower removed
20.05.2021 14:26 [info] 	[v1.0.0] FollowerController::addFollower -> Follower added
20.05.2021 14:26 [info] 	[v1.0.0] FollowerController::unFollow -> Follower removed
20.05.2021 14:26 [info] 	[v1.0.0] FollowerController::addFollower -> Follower added
20.05.2021 14:26 [info] 	[v1.0.0] PostController::getPostByProfileID -> Fetching posts data of the given profile ID
20.05.2021 14:26 [info] 	[v1.0.0] FollowerController::getFollowersByProID -> Fetching followers data of the given profile ID
20.05.2021 14:27 [info] 	[v1.0.0] ProfileController::getProfileData -> Fetching profile data of the given ID
20.05.2021 14:27 [info] 	[v1.0.0] FollowerController::getFollowersByProID -> Fetching followers data of the given profile ID
20.05.2021 14:27 [info] 	[v1.0.0] PostController::getPostByProfileID -> Fetching posts data of the given profile ID
20.05.2021 14:27 [info] 	[v1.0.0] FollowerController::getFollowersByProID -> Fetching followers data of the given profile ID
20.05.2021 14:27 [info] 	[v1.0.0] ProfileController::getProfileData -> Fetching profile data of the given ID
20.05.2021 14:27 [info] 	[v1.0.0] FollowerController::getFollowersByProID -> Fetching followers data of the given profile ID
20.05.2021 14:27 [info] 	[v1.0.0] PostController::insertPost -> Post added
20.05.2021 14:27 [info] 	[v1.0.0] PostController::getPostByProfileID -> Fetching posts data of the given profile ID
20.05.2021 14:27 [info] 	[v1.0.0] FollowerController::getFollowersByProID -> Fetching followers data of the given profile ID
20.05.2021 14:27 [info] 	[v1.0.0] ProfileController::getProfileData -> Fetching profile data of the given ID
20.05.2021 14:27 [info] 	[v1.0.0] FollowerController::getFollowersByProID -> Fetching followers data of the given profile ID
20.05.2021 14:28 [info] 	[v1.0.0] ProfileController::getAllProfiles -> Fetching all profiles
20.05.2021 14:28 [info] 	[v1.0.0] FollowerController::getFollowersByProID -> Fetching followers data of the given profile ID
20.05.2021 14:29 [info] 	[v1.0.0] FollowerController::getFollowersByProID -> Fetching followers data of the given profile ID
20.05.2021 14:29 [info] 	[v1.0.0] ProfileController::getProfileData -> Fetching profile data of the given ID
20.05.2021 14:29 [info] 	[v1.0.0] FollowerController::getFollowersByProID -> Fetching followers data of the given profile ID
20.05.2021 14:30 [info] 	[v1.0.0] Backend is running: http://0.0.0.0:3000
20.05.2021 14:30 [info] 	[v1.0.0] ProfileController::getAllProfiles -> Fetching all profiles
20.05.2021 14:30 [info] 	[v1.0.0] FollowerController::getFollowersByProID -> Fetching followers data of the given profile ID
20.05.2021 14:30 [info] 	[v1.0.0] ProfileController::getAllProfiles -> Fetching all profiles
20.05.2021 14:30 [info] 	[v1.0.0] FollowerController::getFollowersByProID -> Fetching followers data of the given profile ID
20.05.2021 14:30 [info] 	[v1.0.0] FollowerController::unFollow -> Follower removed
20.05.2021 14:30 [info] 	[v1.0.0] FollowerController::addFollower -> Follower added
20.05.2021 14:31 [info] 	[v1.0.0] ProfileController::getAllProfiles -> Fetching all profiles
20.05.2021 14:31 [info] 	[v1.0.0] FollowerController::getFollowersByProID -> Fetching followers data of the given profile ID
20.05.2021 15:14 [info] 	[v1.0.0] FollowerController::getFollowersByProID -> Fetching followers data of the given profile ID
20.05.2021 15:14 [info] 	[v1.0.0] ProfileController::getProfileData -> Fetching profile data of the given ID
20.05.2021 15:14 [info] 	[v1.0.0] FollowerController::getFollowersByProID -> Fetching followers data of the given profile ID
20.05.2021 15:14 [info] 	[v1.0.0] FollowerController::getFollowersByProID -> Fetching followers data of the given profile ID
20.05.2021 15:14 [info] 	[v1.0.0] ProfileController::getProfileData -> Fetching profile data of the given ID
20.05.2021 15:14 [info] 	[v1.0.0] FollowerController::getFollowersByProID -> Fetching followers data of the given profile ID
20.05.2021 15:14 [info] 	[v1.0.0] FollowerController::getFollowersByProID -> Fetching followers data of the given profile ID
20.05.2021 15:14 [info] 	[v1.0.0] ProfileController::getProfileData -> Fetching profile data of the given ID
20.05.2021 15:14 [info] 	[v1.0.0] FollowerController::getFollowersByProID -> Fetching followers data of the given profile ID
20.05.2021 15:15 [info] 	[v1.0.0] FollowerController::getFollowersByProID -> Fetching followers data of the given profile ID
20.05.2021 15:15 [info] 	[v1.0.0] ProfileController::getProfileData -> Fetching profile data of the given ID
20.05.2021 15:15 [info] 	[v1.0.0] FollowerController::getFollowersByProID -> Fetching followers data of the given profile ID
20.05.2021 15:17 [info] 	[v1.0.0] ProfileController::getAllProfiles -> Fetching all profiles
20.05.2021 15:17 [info] 	[v1.0.0] FollowerController::getFollowersByProID -> Fetching followers data of the given profile ID
20.05.2021 15:23 [info] 	[v1.0.0] Backend is running: http://0.0.0.0:3000
20.05.2021 15:23 [info] 	[v1.0.0] ProfileController::getProfileData -> Fetching profile data of the given ID
20.05.2021 15:25 [info] 	[v1.0.0] Backend is running: http://0.0.0.0:3000
20.05.2021 15:25 [info] 	[v1.0.0] ProfileController::getProfileData -> Fetching profile data of the given ID
20.05.2021 15:26 [info] 	[v1.0.0] Backend is running: http://0.0.0.0:3000
20.05.2021 15:26 [info] 	[v1.0.0] ProfileController::getProfileData -> Fetching profile data of the given ID
20.05.2021 15:27 [info] 	[v1.0.0] FollowerController::getFollowersByProID -> Fetching followers data of the given profile ID
20.05.2021 15:27 [info] 	[v1.0.0] ProfileController::getProfileData -> Fetching profile data of the given ID
20.05.2021 15:27 [info] 	[v1.0.0] FollowerController::getFollowersByProID -> Fetching followers data of the given profile ID
20.05.2021 15:27 [info] 	[v1.0.0] FollowerController::getFollowersByProID -> Fetching followers data of the given profile ID
20.05.2021 15:27 [info] 	[v1.0.0] ProfileController::getProfileData -> Fetching profile data of the given ID
20.05.2021 15:27 [info] 	[v1.0.0] FollowerController::getFollowersByProID -> Fetching followers data of the given profile ID
20.05.2021 15:27 [info] 	[v1.0.0] ProfileController::getAllProfiles -> Fetching all profiles
20.05.2021 15:27 [info] 	[v1.0.0] FollowerController::getFollowersByProID -> Fetching followers data of the given profile ID
20.05.2021 15:27 [info] 	[v1.0.0] FollowerController::addFollower -> Follower added
20.05.2021 15:27 [info] 	[v1.0.0] ProfileController::getAllProfiles -> Fetching all profiles
20.05.2021 15:27 [info] 	[v1.0.0] FollowerController::getFollowersByProID -> Fetching followers data of the given profile ID
20.05.2021 15:27 [info] 	[v1.0.0] FollowerController::unFollow -> Follower removed
20.05.2021 15:27 [info] 	[v1.0.0] ProfileController::insertProfile -> Operation complete
20.05.2021 15:27 [info] 	[v1.0.0] FollowerController::getFollowersByProID -> Fetching followers data of the given profile ID
20.05.2021 15:27 [info] 	[v1.0.0] ProfileController::getProfileData -> Fetching profile data of the given ID
20.05.2021 15:27 [info] 	[v1.0.0] FollowerController::getFollowersByProID -> Fetching followers data of the given profile ID
20.05.2021 15:27 [info] 	[v1.0.0] ProfileController::getAllProfiles -> Fetching all profiles
20.05.2021 15:27 [info] 	[v1.0.0] FollowerController::getFollowersByProID -> Fetching followers data of the given profile ID
20.05.2021 15:27 [info] 	[v1.0.0] FollowerController::addFollower -> Follower added
20.05.2021 15:27 [info] 	[v1.0.0] ProfileController::insertProfile -> Operation complete
20.05.2021 15:27 [info] 	[v1.0.0] FollowerController::getFollowersByProID -> Fetching followers data of the given profile ID
20.05.2021 15:27 [info] 	[v1.0.0] ProfileController::getProfileData -> Fetching profile data of the given ID
20.05.2021 15:27 [info] 	[v1.0.0] FollowerController::getFollowersByProID -> Fetching followers data of the given profile ID
20.05.2021 15:28 [info] 	[v1.0.0] ProfileController::getProfileData -> Fetching profile data of the given ID
20.05.2021 15:28 [info] 	[v1.0.0] ProfileController::getProfileData -> Fetching profile data of the given ID
20.05.2021 15:28 [info] 	[v1.0.0] ProfileController::getProfileData -> Fetching profile data of the given ID
20.05.2021 15:28 [info] 	[v1.0.0] ProfileController::getProfileData -> Fetching profile data of the given ID
20.05.2021 15:28 [info] 	[v1.0.0] ProfileController::getProfileData -> Fetching profile data of the given ID
20.05.2021 15:28 [info] 	[v1.0.0] Backend is running: http://0.0.0.0:3000
20.05.2021 15:28 [info] 	[v1.0.0] ProfileController::getProfileData -> Fetching profile data of the given ID
20.05.2021 16:00 [info] 	[v1.0.0] FollowerController::getFollowersByProID -> Fetching followers data of the given profile ID
20.05.2021 16:00 [info] 	[v1.0.0] ProfileController::getProfileData -> Fetching profile data of the given ID
20.05.2021 16:00 [info] 	[v1.0.0] FollowerController::getFollowersByProID -> Fetching followers data of the given profile ID
20.05.2021 16:00 [info] 	[v1.0.0] FollowerController::getFollowersByProID -> Fetching followers data of the given profile ID
20.05.2021 16:00 [info] 	[v1.0.0] ProfileController::getProfileData -> Fetching profile data of the given ID
20.05.2021 16:00 [info] 	[v1.0.0] FollowerController::getFollowersByProID -> Fetching followers data of the given profile ID
20.05.2021 16:00 [info] 	[v1.0.0] ProfileController::getAllProfiles -> Fetching all profiles
20.05.2021 16:00 [info] 	[v1.0.0] FollowerController::getFollowersByProID -> Fetching followers data of the given profile ID
20.05.2021 16:00 [info] 	[v1.0.0] FollowerController::addFollower -> Follower added
20.05.2021 16:00 [info] 	[v1.0.0] FollowerController::unFollow -> Follower removed
20.05.2021 16:00 [info] 	[v1.0.0] ProfileController::getProfileData -> Fetching profile data of the given ID
20.05.2021 16:01 [info] 	[v1.0.0] Backend is running: http://0.0.0.0:3000
20.05.2021 16:01 [info] 	[v1.0.0] ProfileController::getProfileData -> Fetching profile data of the given ID
20.05.2021 16:02 [info] 	[v1.0.0] ProfileController::getProfileData -> Fetching profile data of the given ID
20.05.2021 16:02 [info] 	[v1.0.0] ProfileController::getProfileData -> Fetching profile data of the given ID
20.05.2021 16:02 [info] 	[v1.0.0] Backend is running: http://0.0.0.0:3000
20.05.2021 16:02 [info] 	[v1.0.0] ProfileController::getProfileData -> Fetching profile data of the given ID
20.05.2021 16:03 [info] 	[v1.0.0] Backend is running: http://0.0.0.0:3000
20.05.2021 16:04 [info] 	[v1.0.0] FollowerController::getFollowersByProID -> Fetching followers data of the given profile ID
20.05.2021 16:04 [info] 	[v1.0.0] ProfileController::getProfileData -> Fetching profile data of the given ID
20.05.2021 16:04 [info] 	[v1.0.0] FollowerController::getFollowersByProID -> Fetching followers data of the given profile ID
20.05.2021 16:04 [info] 	[v1.0.0] ProfileController::getAllProfiles -> Fetching all profiles
20.05.2021 16:04 [info] 	[v1.0.0] FollowerController::getFollowersByProID -> Fetching followers data of the given profile ID
20.05.2021 16:04 [info] 	[v1.0.0] FollowerController::getFollowersByProID -> Fetching followers data of the given profile ID
20.05.2021 16:04 [info] 	[v1.0.0] ProfileController::getProfileData -> Fetching profile data of the given ID
20.05.2021 16:04 [info] 	[v1.0.0] FollowerController::getFollowersByProID -> Fetching followers data of the given profile ID
20.05.2021 16:04 [info] 	[v1.0.0] ProfileController::getAllProfiles -> Fetching all profiles
20.05.2021 16:04 [info] 	[v1.0.0] FollowerController::getFollowersByProID -> Fetching followers data of the given profile ID
20.05.2021 16:04 [info] 	[v1.0.0] FollowerController::addFollower -> Follower added
20.05.2021 16:05 [info] 	[v1.0.0] FollowerController::getFollowersByProID -> Fetching followers data of the given profile ID
20.05.2021 16:05 [info] 	[v1.0.0] ProfileController::getProfileData -> Fetching profile data of the given ID
20.05.2021 16:05 [info] 	[v1.0.0] FollowerController::getFollowersByProID -> Fetching followers data of the given profile ID
20.05.2021 16:05 [info] 	[v1.0.0] ProfileController::getAllProfiles -> Fetching all profiles
20.05.2021 16:05 [info] 	[v1.0.0] FollowerController::getFollowersByProID -> Fetching followers data of the given profile ID
20.05.2021 16:05 [info] 	[v1.0.0] FollowerController::addFollower -> Follower added
20.05.2021 16:05 [info] 	[v1.0.0] ProfileController::getProfileData -> Fetching profile data of the given ID
20.05.2021 16:05 [info] 	[v1.0.0] ProfileController::getProfileData -> Fetching profile data of the given ID
20.05.2021 16:06 [info] 	[v1.0.0] Backend is running: http://0.0.0.0:3000
20.05.2021 16:06 [info] 	[v1.0.0] ProfileController::getProfileData -> Fetching profile data of the given ID
20.05.2021 16:08 [info] 	[v1.0.0] ProfileController::insertProfile -> Operation complete
20.05.2021 16:08 [info] 	[v1.0.0] FollowerController::getFollowersByProID -> Fetching followers data of the given profile ID
20.05.2021 16:08 [info] 	[v1.0.0] ProfileController::getProfileData -> Fetching profile data of the given ID
20.05.2021 16:08 [info] 	[v1.0.0] FollowerController::getFollowersByProID -> Fetching followers data of the given profile ID
20.05.2021 16:08 [info] 	[v1.0.0] ProfileController::getAllProfiles -> Fetching all profiles
20.05.2021 16:08 [info] 	[v1.0.0] FollowerController::getFollowersByProID -> Fetching followers data of the given profile ID
20.05.2021 16:08 [info] 	[v1.0.0] FollowerController::addFollower -> Follower added
20.05.2021 16:08 [info] 	[v1.0.0] ProfileController::getProfileData -> Fetching profile data of the given ID
20.05.2021 16:09 [info] 	[v1.0.0] FollowerController::getFollowersByProID -> Fetching followers data of the given profile ID
20.05.2021 16:09 [info] 	[v1.0.0] ProfileController::getProfileData -> Fetching profile data of the given ID
20.05.2021 16:09 [info] 	[v1.0.0] FollowerController::getFollowersByProID -> Fetching followers data of the given profile ID
20.05.2021 16:12 [info] 	[v1.0.0] Backend is running: http://0.0.0.0:3000
20.05.2021 16:13 [info] 	[v1.0.0] FollowerController::getFollowersByProID -> Fetching followers data of the given profile ID
20.05.2021 16:13 [info] 	[v1.0.0] FollowerController::getFollowersByProID -> Fetching followers data of the given profile ID
20.05.2021 16:13 [info] 	[v1.0.0] FollowerController::getFollowersByProID -> Fetching followers data of the given profile ID
20.05.2021 16:13 [info] 	[v1.0.0] ProfileController::getAllProfiles -> Fetching all profiles
20.05.2021 16:13 [info] 	[v1.0.0] FollowerController::getFollowersByProID -> Fetching followers data of the given profile ID
20.05.2021 16:13 [info] 	[v1.0.0] ProfileController::insertProfile -> Operation complete
20.05.2021 16:13 [info] 	[v1.0.0] FollowerController::getFollowersByProID -> Fetching followers data of the given profile ID
20.05.2021 16:13 [info] 	[v1.0.0] FollowerController::getFollowersByProID -> Fetching followers data of the given profile ID
20.05.2021 16:13 [info] 	[v1.0.0] FollowerController::getFollowersByProID -> Fetching followers data of the given profile ID
20.05.2021 16:15 [info] 	[v1.0.0] FollowerController::getFollowersByProID -> Fetching followers data of the given profile ID
20.05.2021 16:15 [info] 	[v1.0.0] FollowerController::getFollowersByProID -> Fetching followers data of the given profile ID
20.05.2021 16:15 [info] 	[v1.0.0] FollowerController::getFollowersByProID -> Fetching followers data of the given profile ID
20.05.2021 16:16 [info] 	[v1.0.0] FollowerController::getFollowersByProID -> Fetching followers data of the given profile ID
20.05.2021 16:16 [info] 	[v1.0.0] FollowerController::getFollowersByProID -> Fetching followers data of the given profile ID
20.05.2021 16:16 [info] 	[v1.0.0] FollowerController::getFollowersByProID -> Fetching followers data of the given profile ID
20.05.2021 16:18 [info] 	[v1.0.0] Backend is running: http://0.0.0.0:3000
20.05.2021 16:20 [info] 	[v1.0.0] ProfileController::getAllProfiles -> Fetching all profiles
20.05.2021 16:20 [info] 	[v1.0.0] FollowerController::getFollowersByProID -> Fetching followers data of the given profile ID
20.05.2021 16:20 [info] 	[v1.0.0] FollowerController::addFollower -> Follower added
20.05.2021 16:20 [info] 	[v1.0.0] FollowerController::unFollow -> Follower removed
20.05.2021 16:25 [info] 	[v1.0.0] FollowerController::getFollowersByProID -> Fetching followers data of the given profile ID
20.05.2021 16:25 [info] 	[v1.0.0] ProfileController::getAllProfiles -> Fetching all profiles
20.05.2021 16:25 [info] 	[v1.0.0] FollowerController::getFollowersByProID -> Fetching followers data of the given profile ID
20.05.2021 16:25 [info] 	[v1.0.0] PostController::getPostByProfileID -> Fetching posts data of the given profile ID
20.05.2021 16:25 [info] 	[v1.0.0] FollowerController::getFollowersByProID -> Fetching followers data of the given profile ID
20.05.2021 16:26 [info] 	[v1.0.0] FollowerController::getFollowersByProID -> Fetching followers data of the given profile ID
20.05.2021 16:26 [info] 	[v1.0.0] ProfileController::getAllProfiles -> Fetching all profiles
20.05.2021 16:26 [info] 	[v1.0.0] FollowerController::getFollowersByProID -> Fetching followers data of the given profile ID
20.05.2021 16:26 [info] 	[v1.0.0] FollowerController::addFollower -> Follower added
20.05.2021 16:26 [info] 	[v1.0.0] FollowerController::unFollow -> Follower removed
20.05.2021 16:26 [info] 	[v1.0.0] FollowerController::getFollowersByProID -> Fetching followers data of the given profile ID
20.05.2021 16:26 [info] 	[v1.0.0] ProfileController::getAllProfiles -> Fetching all profiles
20.05.2021 16:26 [info] 	[v1.0.0] FollowerController::getFollowersByProID -> Fetching followers data of the given profile ID
20.05.2021 16:26 [info] 	[v1.0.0] FollowerController::addFollower -> Follower added
20.05.2021 16:26 [info] 	[v1.0.0] FollowerController::unFollow -> Follower removed
20.05.2021 16:26 [info] 	[v1.0.0] FollowerController::addFollower -> Follower added
20.05.2021 16:26 [info] 	[v1.0.0] FollowerController::unFollow -> Follower removed
20.05.2021 16:26 [info] 	[v1.0.0] FollowerController::addFollower -> Follower added
20.05.2021 16:26 [info] 	[v1.0.0] ProfileController::getAllProfiles -> Fetching all profiles
20.05.2021 16:26 [info] 	[v1.0.0] FollowerController::getFollowersByProID -> Fetching followers data of the given profile ID
20.05.2021 16:26 [info] 	[v1.0.0] FollowerController::unFollow -> Follower removed
20.05.2021 16:27 [info] 	[v1.0.0] FollowerController::getFollowersByProID -> Fetching followers data of the given profile ID
20.05.2021 16:27 [info] 	[v1.0.0] FollowerController::getFollowersByProID -> Fetching followers data of the given profile ID
20.05.2021 16:28 [info] 	[v1.0.0] ProfileController::insertProfile -> Operation complete
20.05.2021 16:28 [info] 	[v1.0.0] FollowerController::getFollowersByProID -> Fetching followers data of the given profile ID
20.05.2021 16:28 [info] 	[v1.0.0] FollowerController::getFollowersByProID -> Fetching followers data of the given profile ID
20.05.2021 16:29 [info] 	[v1.0.0] FollowerController::getFollowersByProID -> Fetching followers data of the given profile ID
20.05.2021 16:29 [info] 	[v1.0.0] ProfileController::getAllProfiles -> Fetching all profiles
20.05.2021 16:29 [info] 	[v1.0.0] FollowerController::getFollowersByProID -> Fetching followers data of the given profile ID
20.05.2021 16:29 [info] 	[v1.0.0] FollowerController::addFollower -> Follower added
20.05.2021 16:29 [info] 	[v1.0.0] FollowerController::unFollow -> Follower removed
20.05.2021 16:30 [info] 	[v1.0.0] FollowerController::getFollowersByProID -> Fetching followers data of the given profile ID
20.05.2021 16:30 [info] 	[v1.0.0] ProfileController::getAllProfiles -> Fetching all profiles
20.05.2021 16:30 [info] 	[v1.0.0] FollowerController::getFollowersByProID -> Fetching followers data of the given profile ID
20.05.2021 16:30 [info] 	[v1.0.0] FollowerController::addFollower -> Follower added
20.05.2021 16:30 [info] 	[v1.0.0] FollowerController::addFollower -> Follower added
20.05.2021 16:30 [info] 	[v1.0.0] FollowerController::unFollow -> Follower removed
20.05.2021 16:30 [info] 	[v1.0.0] FollowerController::unFollow -> Follower removed
20.05.2021 16:32 [info] 	[v1.0.0] FollowerController::getFollowersByProID -> Fetching followers data of the given profile ID
20.05.2021 16:32 [info] 	[v1.0.0] FollowerController::getProfileData -> Fetching profile data of the given ID
20.05.2021 16:32 [info] 	[v1.0.0] ProfileController::getAllProfiles -> Fetching all profiles
20.05.2021 16:32 [info] 	[v1.0.0] FollowerController::getFollowersByProID -> Fetching followers data of the given profile ID
20.05.2021 16:32 [info] 	[v1.0.0] FollowerController::addFollower -> Follower added
20.05.2021 16:32 [info] 	[v1.0.0] FollowerController::unFollow -> Follower removed
20.05.2021 16:33 [info] 	[v1.0.0] FollowerController::getFollowersByProID -> Fetching followers data of the given profile ID
20.05.2021 16:33 [info] 	[v1.0.0] FollowerController::getProfileData -> Fetching profile data of the given ID
20.05.2021 16:33 [info] 	[v1.0.0] ProfileController::getAllProfiles -> Fetching all profiles
20.05.2021 16:33 [info] 	[v1.0.0] FollowerController::getFollowersByProID -> Fetching followers data of the given profile ID
20.05.2021 16:33 [info] 	[v1.0.0] FollowerController::addFollower -> Follower added
20.05.2021 16:33 [info] 	[v1.0.0] FollowerController::unFollow -> Follower removed
20.05.2021 16:34 [info] 	[v1.0.0] FollowerController::getFollowersByProID -> Fetching followers data of the given profile ID
20.05.2021 16:34 [info] 	[v1.0.0] FollowerController::getProfileData -> Fetching profile data of the given ID
20.05.2021 16:34 [info] 	[v1.0.0] ProfileController::getAllProfiles -> Fetching all profiles
20.05.2021 16:34 [info] 	[v1.0.0] FollowerController::getFollowersByProID -> Fetching followers data of the given profile ID
20.05.2021 16:34 [info] 	[v1.0.0] FollowerController::addFollower -> Follower added
20.05.2021 16:34 [info] 	[v1.0.0] FollowerController::addFollower -> Follower added
20.05.2021 16:34 [info] 	[v1.0.0] FollowerController::unFollow -> Follower removed
20.05.2021 16:34 [info] 	[v1.0.0] FollowerController::unFollow -> Follower removed
20.05.2021 16:34 [info] 	[v1.0.0] FollowerController::getFollowersByProID -> Fetching followers data of the given profile ID
20.05.2021 16:34 [info] 	[v1.0.0] FollowerController::getProfileData -> Fetching profile data of the given ID
20.05.2021 16:34 [info] 	[v1.0.0] ProfileController::getAllProfiles -> Fetching all profiles
20.05.2021 16:34 [info] 	[v1.0.0] FollowerController::getFollowersByProID -> Fetching followers data of the given profile ID
20.05.2021 16:34 [info] 	[v1.0.0] FollowerController::addFollower -> Follower added
20.05.2021 16:37 [info] 	[v1.0.0] FollowerController::getFollowersByProID -> Fetching followers data of the given profile ID
20.05.2021 16:37 [info] 	[v1.0.0] FollowerController::getProfileData -> Fetching profile data of the given ID
20.05.2021 16:38 [info] 	[v1.0.0] FollowerController::getFollowersByProID -> Fetching followers data of the given profile ID
20.05.2021 16:38 [info] 	[v1.0.0] FollowerController::getProfileData -> Fetching profile data of the given ID
20.05.2021 16:38 [info] 	[v1.0.0] FollowerController::getFollowersByProID -> Fetching followers data of the given profile ID
20.05.2021 16:38 [info] 	[v1.0.0] FollowerController::getProfileData -> Fetching profile data of the given ID
20.05.2021 16:38 [info] 	[v1.0.0] FollowerController::getFollowersByProID -> Fetching followers data of the given profile ID
20.05.2021 16:38 [info] 	[v1.0.0] FollowerController::getProfileData -> Fetching profile data of the given ID
20.05.2021 16:38 [info] 	[v1.0.0] FollowerController::getFollowersByProID -> Fetching followers data of the given profile ID
20.05.2021 16:38 [info] 	[v1.0.0] FollowerController::getProfileData -> Fetching profile data of the given ID
20.05.2021 16:42 [info] 	[v1.0.0] FollowerController::getFollowersByProID -> Fetching followers data of the given profile ID
20.05.2021 16:42 [info] 	[v1.0.0] FollowerController::getProfileData -> Fetching profile data of the given ID
20.05.2021 16:42 [info] 	[v1.0.0] FollowerController::getFollowersByProID -> Fetching followers data of the given profile ID
20.05.2021 16:42 [info] 	[v1.0.0] FollowerController::getProfileData -> Fetching profile data of the given ID
20.05.2021 16:42 [info] 	[v1.0.0] FollowerController::getFollowersByProID -> Fetching followers data of the given profile ID
20.05.2021 16:42 [info] 	[v1.0.0] FollowerController::getProfileData -> Fetching profile data of the given ID
20.05.2021 16:43 [info] 	[v1.0.0] FollowerController::getFollowersByProID -> Fetching followers data of the given profile ID
20.05.2021 16:43 [info] 	[v1.0.0] FollowerController::getProfileData -> Fetching profile data of the given ID
20.05.2021 16:43 [info] 	[v1.0.0] FollowerController::getFollowersByProID -> Fetching followers data of the given profile ID
20.05.2021 16:43 [info] 	[v1.0.0] FollowerController::getProfileData -> Fetching profile data of the given ID
20.05.2021 16:43 [info] 	[v1.0.0] ProfileController::getAllProfiles -> Fetching all profiles
20.05.2021 16:43 [info] 	[v1.0.0] FollowerController::getFollowersByProID -> Fetching followers data of the given profile ID
20.05.2021 16:43 [info] 	[v1.0.0] FollowerController::getFollowersByProID -> Fetching followers data of the given profile ID
20.05.2021 16:43 [info] 	[v1.0.0] FollowerController::getProfileData -> Fetching profile data of the given ID
20.05.2021 16:43 [info] 	[v1.0.0] ProfileController::getAllProfiles -> Fetching all profiles
20.05.2021 16:43 [info] 	[v1.0.0] FollowerController::getFollowersByProID -> Fetching followers data of the given profile ID
20.05.2021 16:43 [info] 	[v1.0.0] FollowerController::getFollowersByProID -> Fetching followers data of the given profile ID
20.05.2021 16:43 [info] 	[v1.0.0] FollowerController::getProfileData -> Fetching profile data of the given ID
20.05.2021 16:44 [info] 	[v1.0.0] FollowerController::getFollowersByProID -> Fetching followers data of the given profile ID
20.05.2021 16:44 [info] 	[v1.0.0] FollowerController::getProfileData -> Fetching profile data of the given ID
20.05.2021 16:45 [info] 	[v1.0.0] FollowerController::getFollowersByProID -> Fetching followers data of the given profile ID
20.05.2021 16:45 [info] 	[v1.0.0] FollowerController::getProfileData -> Fetching profile data of the given ID
20.05.2021 16:45 [info] 	[v1.0.0] FollowerController::getProfileData -> Fetching profile data of the given ID
20.05.2021 16:45 [info] 	[v1.0.0] FollowerController::getProfileData -> Fetching profile data of the given ID
20.05.2021 16:46 [info] 	[v1.0.0] FollowerController::getFollowersByProID -> Fetching followers data of the given profile ID
20.05.2021 16:46 [info] 	[v1.0.0] FollowerController::getProfileData -> Fetching profile data of the given ID
20.05.2021 16:46 [info] 	[v1.0.0] FollowerController::getProfileData -> Fetching profile data of the given ID
20.05.2021 16:48 [info] 	[v1.0.0] FollowerController::getFollowersByProID -> Fetching followers data of the given profile ID
20.05.2021 16:48 [info] 	[v1.0.0] FollowerController::getProfileData -> Fetching profile data of the given ID
20.05.2021 16:48 [info] 	[v1.0.0] FollowerController::getProfileData -> Fetching profile data of the given ID
20.05.2021 16:49 [info] 	[v1.0.0] FollowerController::getFollowersByProID -> Fetching followers data of the given profile ID
20.05.2021 16:49 [info] 	[v1.0.0] FollowerController::getProfileData -> Fetching profile data of the given ID
20.05.2021 16:49 [info] 	[v1.0.0] FollowerController::getProfileData -> Fetching profile data of the given ID
20.05.2021 16:50 [info] 	[v1.0.0] FollowerController::getFollowersByProID -> Fetching followers data of the given profile ID
20.05.2021 16:50 [info] 	[v1.0.0] FollowerController::getProfileData -> Fetching profile data of the given ID
20.05.2021 16:50 [info] 	[v1.0.0] FollowerController::getProfileData -> Fetching profile data of the given ID
20.05.2021 16:50 [info] 	[v1.0.0] FollowerController::getFollowersByProID -> Fetching followers data of the given profile ID
20.05.2021 16:50 [info] 	[v1.0.0] FollowerController::getProfileData -> Fetching profile data of the given ID
20.05.2021 16:50 [info] 	[v1.0.0] FollowerController::getProfileData -> Fetching profile data of the given ID
20.05.2021 16:53 [info] 	[v1.0.0] FollowerController::getFollowersByProID -> Fetching followers data of the given profile ID
20.05.2021 16:53 [info] 	[v1.0.0] FollowerController::getProfileData -> Fetching profile data of the given ID
20.05.2021 16:54 [info] 	[v1.0.0] FollowerController::getFollowersByProID -> Fetching followers data of the given profile ID
20.05.2021 16:54 [info] 	[v1.0.0] FollowerController::getProfileData -> Fetching profile data of the given ID
20.05.2021 16:55 [info] 	[v1.0.0] FollowerController::getFollowersByProID -> Fetching followers data of the given profile ID
20.05.2021 16:55 [info] 	[v1.0.0] FollowerController::getProfileData -> Fetching profile data of the given ID
20.05.2021 16:55 [info] 	[v1.0.0] FollowerController::getFollowersByProID -> Fetching followers data of the given profile ID
20.05.2021 16:55 [info] 	[v1.0.0] FollowerController::getProfileData -> Fetching profile data of the given ID
20.05.2021 16:55 [info] 	[v1.0.0] FollowerController::getFollowersByProID -> Fetching followers data of the given profile ID
20.05.2021 16:55 [info] 	[v1.0.0] FollowerController::getProfileData -> Fetching profile data of the given ID
20.05.2021 16:56 [info] 	[v1.0.0] FollowerController::getFollowersByProID -> Fetching followers data of the given profile ID
20.05.2021 16:56 [info] 	[v1.0.0] FollowerController::getProfileData -> Fetching profile data of the given ID
20.05.2021 17:00 [info] 	[v1.0.0] FollowerController::getFollowersByProID -> Fetching followers data of the given profile ID
20.05.2021 17:00 [info] 	[v1.0.0] FollowerController::getProfileData -> Fetching profile data of the given ID
20.05.2021 17:00 [info] 	[v1.0.0] FollowerController::getFollowersByProID -> Fetching followers data of the given profile ID
20.05.2021 17:00 [info] 	[v1.0.0] FollowerController::getProfileData -> Fetching profile data of the given ID
20.05.2021 17:02 [info] 	[v1.0.0] FollowerController::getFollowersByProID -> Fetching followers data of the given profile ID
20.05.2021 17:02 [info] 	[v1.0.0] FollowerController::getProfileData -> Fetching profile data of the given ID
20.05.2021 17:03 [info] 	[v1.0.0] ProfileController::getProfileByID -> Fetching profile data of the given ID
20.05.2021 17:04 [info] 	[v1.0.0] FollowerController::getFollowersByProID -> Fetching followers data of the given profile ID
20.05.2021 17:04 [info] 	[v1.0.0] FollowerController::getProfileData -> Fetching profile data of the given ID
20.05.2021 17:04 [info] 	[v1.0.0] FollowerController::getFollowersByProID -> Fetching followers data of the given profile ID
20.05.2021 17:04 [info] 	[v1.0.0] FollowerController::getProfileData -> Fetching profile data of the given ID
20.05.2021 17:04 [info] 	[v1.0.0] ProfileController::getProfileByID -> Fetching profile data of the given ID
20.05.2021 17:04 [info] 	[v1.0.0] FollowerController::getFollowersByProID -> Fetching followers data of the given profile ID
20.05.2021 17:04 [info] 	[v1.0.0] FollowerController::getProfileData -> Fetching profile data of the given ID
20.05.2021 17:04 [info] 	[v1.0.0] ProfileController::getProfileByID -> Fetching profile data of the given ID
20.05.2021 17:05 [info] 	[v1.0.0] ProfileController::getProfileByID -> Fetching profile data of the given ID
20.05.2021 17:05 [info] 	[v1.0.0] ProfileController::getAllProfiles -> Fetching all profiles
20.05.2021 17:05 [info] 	[v1.0.0] FollowerController::getFollowersByProID -> Fetching followers data of the given profile ID
20.05.2021 17:05 [info] 	[v1.0.0] FollowerController::addFollower -> Follower added
20.05.2021 17:05 [info] 	[v1.0.0] ProfileController::getProfileByID -> Fetching profile data of the given ID
20.05.2021 17:05 [info] 	[v1.0.0] FollowerController::getFollowersByProID -> Fetching followers data of the given profile ID
20.05.2021 17:05 [info] 	[v1.0.0] FollowerController::getProfileData -> Fetching profile data of the given ID
20.05.2021 17:05 [info] 	[v1.0.0] ProfileController::getProfileByID -> Fetching profile data of the given ID
20.05.2021 17:05 [info] 	[v1.0.0] FollowerController::getFollowersByProID -> Fetching followers data of the given profile ID
20.05.2021 17:05 [info] 	[v1.0.0] FollowerController::getProfileData -> Fetching profile data of the given ID
20.05.2021 17:05 [info] 	[v1.0.0] ProfileController::getProfileByID -> Fetching profile data of the given ID
20.05.2021 17:05 [info] 	[v1.0.0] ProfileController::getProfileByID -> Fetching profile data of the given ID
20.05.2021 17:06 [info] 	[v1.0.0] ProfileController::getAllProfiles -> Fetching all profiles
20.05.2021 17:06 [info] 	[v1.0.0] FollowerController::getFollowersByProID -> Fetching followers data of the given profile ID
20.05.2021 17:06 [info] 	[v1.0.0] FollowerController::unFollow -> Follower removed
20.05.2021 17:06 [info] 	[v1.0.0] FollowerController::addFollower -> Follower added
20.05.2021 17:07 [info] 	[v1.0.0] FollowerController::getFollowersByProID -> Fetching followers data of the given profile ID
20.05.2021 17:07 [info] 	[v1.0.0] FollowerController::getProfileData -> Fetching profile data of the given ID
20.05.2021 17:09 [info] 	[v1.0.0] FollowerController::getFollowersByProID -> Fetching followers data of the given profile ID
20.05.2021 17:09 [info] 	[v1.0.0] FollowerController::getProfileData -> Fetching profile data of the given ID
20.05.2021 17:10 [info] 	[v1.0.0] FollowerController::getProfileData -> Fetching profile data of the given ID
20.05.2021 17:12 [info] 	[v1.0.0] ProfileController::insertProfile -> Operation complete
20.05.2021 17:12 [info] 	[v1.0.0] FollowerController::getFollowersByProID -> Fetching followers data of the given profile ID
20.05.2021 17:12 [info] 	[v1.0.0] FollowerController::getProfileData -> Fetching profile data of the given ID
20.05.2021 17:12 [info] 	[v1.0.0] PostController::getPostByProfileID -> Fetching posts data of the given profile ID
20.05.2021 17:12 [info] 	[v1.0.0] FollowerController::getFollowersByProID -> Fetching followers data of the given profile ID
20.05.2021 17:12 [info] 	[v1.0.0] FollowerController::getProfileData -> Fetching profile data of the given ID
20.05.2021 17:12 [info] 	[v1.0.0] ProfileController::getAllProfiles -> Fetching all profiles
20.05.2021 17:12 [info] 	[v1.0.0] FollowerController::getFollowersByProID -> Fetching followers data of the given profile ID
20.05.2021 17:12 [info] 	[v1.0.0] FollowerController::unFollow -> Follower removed
20.05.2021 17:12 [info] 	[v1.0.0] FollowerController::getProfileData -> Fetching profile data of the given ID
20.05.2021 17:12 [info] 	[v1.0.0] ProfileController::getProfileByID -> Fetching profile data of the given ID
20.05.2021 17:13 [info] 	[v1.0.0] ProfileController::getProfileByID -> Fetching profile data of the given ID
20.05.2021 17:13 [info] 	[v1.0.0] ProfileController::insertProfile -> Operation complete
20.05.2021 17:13 [info] 	[v1.0.0] FollowerController::getFollowersByProID -> Fetching followers data of the given profile ID
20.05.2021 17:13 [info] 	[v1.0.0] FollowerController::getProfileData -> Fetching profile data of the given ID
20.05.2021 17:13 [info] 	[v1.0.0] ProfileController::getProfileByID -> Fetching profile data of the given ID
20.05.2021 17:14 [info] 	[v1.0.0] FollowerController::getProfileData -> Fetching profile data of the given ID
20.05.2021 17:14 [info] 	[v1.0.0] FollowerController::getFollowersByProID -> Fetching followers data of the given profile ID
20.05.2021 17:14 [info] 	[v1.0.0] FollowerController::getFollowersByProID -> Fetching followers data of the given profile ID
20.05.2021 17:14 [info] 	[v1.0.0] FollowerController::getProfileData -> Fetching profile data of the given ID
20.05.2021 17:15 [info] 	[v1.0.0] FollowerController::getFollowersByProID -> Fetching followers data of the given profile ID
20.05.2021 17:15 [info] 	[v1.0.0] FollowerController::getProfileData -> Fetching profile data of the given ID
20.05.2021 17:15 [info] 	[v1.0.0] ProfileController::getProfileByID -> Fetching profile data of the given ID
20.05.2021 17:15 [info] 	[v1.0.0] ProfileController::getAllProfiles -> Fetching all profiles
20.05.2021 17:15 [info] 	[v1.0.0] FollowerController::getFollowersByProID -> Fetching followers data of the given profile ID
20.05.2021 17:15 [info] 	[v1.0.0] FollowerController::addFollower -> Follower added
20.05.2021 17:15 [info] 	[v1.0.0] ProfileController::getProfileByID -> Fetching profile data of the given ID
20.05.2021 17:17 [info] 	[v1.0.0] FollowerController::getFollowersByProID -> Fetching followers data of the given profile ID
20.05.2021 17:17 [info] 	[v1.0.0] FollowerController::getProfileData -> Fetching profile data of the given ID
20.05.2021 17:18 [info] 	[v1.0.0] FollowerController::getFollowersByProID -> Fetching followers data of the given profile ID
20.05.2021 17:18 [info] 	[v1.0.0] FollowerController::getProfileData -> Fetching profile data of the given ID
20.05.2021 17:19 [info] 	[v1.0.0] FollowerController::getFollowersByProID -> Fetching followers data of the given profile ID
20.05.2021 17:19 [info] 	[v1.0.0] FollowerController::getProfileData -> Fetching profile data of the given ID
20.05.2021 17:20 [info] 	[v1.0.0] FollowerController::getFollowersByProID -> Fetching followers data of the given profile ID
20.05.2021 17:20 [info] 	[v1.0.0] FollowerController::getProfileData -> Fetching profile data of the given ID
20.05.2021 17:21 [info] 	[v1.0.0] FollowerController::getFollowersByProID -> Fetching followers data of the given profile ID
20.05.2021 17:21 [info] 	[v1.0.0] FollowerController::getProfileData -> Fetching profile data of the given ID
20.05.2021 17:21 [info] 	[v1.0.0] FollowerController::getFollowersByProID -> Fetching followers data of the given profile ID
20.05.2021 17:21 [info] 	[v1.0.0] FollowerController::getProfileData -> Fetching profile data of the given ID
20.05.2021 17:21 [info] 	[v1.0.0] FollowerController::getFollowersByProID -> Fetching followers data of the given profile ID
20.05.2021 17:21 [info] 	[v1.0.0] FollowerController::getProfileData -> Fetching profile data of the given ID
20.05.2021 17:22 [info] 	[v1.0.0] FollowerController::getFollowersByProID -> Fetching followers data of the given profile ID
20.05.2021 17:22 [info] 	[v1.0.0] FollowerController::getProfileData -> Fetching profile data of the given ID
20.05.2021 17:22 [info] 	[v1.0.0] FollowerController::getFollowersByProID -> Fetching followers data of the given profile ID
20.05.2021 17:22 [info] 	[v1.0.0] FollowerController::getProfileData -> Fetching profile data of the given ID
20.05.2021 17:22 [info] 	[v1.0.0] PostController::getPostByProfileID -> Fetching posts data of the given profile ID
20.05.2021 17:23 [info] 	[v1.0.0] FollowerController::getFollowersByProID -> Fetching followers data of the given profile ID
20.05.2021 17:23 [info] 	[v1.0.0] FollowerController::getProfileData -> Fetching profile data of the given ID
20.05.2021 17:23 [info] 	[v1.0.0] PostController::getPostByProfileID -> Fetching posts data of the given profile ID
20.05.2021 17:23 [info] 	[v1.0.0] PostController::getPostByProfileID -> Fetching posts data of the given profile ID
20.05.2021 17:24 [info] 	[v1.0.0] PostController::getPostByProfileID -> Fetching posts data of the given profile ID
20.05.2021 17:24 [info] 	[v1.0.0] PostController::getPostByProfileID -> Fetching posts data of the given profile ID
20.05.2021 17:24 [info] 	[v1.0.0] PostController::getPostByProfileID -> Fetching posts data of the given profile ID
20.05.2021 17:25 [info] 	[v1.0.0] FollowerController::getProfileData -> Fetching profile data of the given ID
20.05.2021 17:25 [info] 	[v1.0.0] FollowerController::getFollowersByProID -> Fetching followers data of the given profile ID
20.05.2021 17:26 [info] 	[v1.0.0] FollowerController::getFollowersByProID -> Fetching followers data of the given profile ID
20.05.2021 17:26 [info] 	[v1.0.0] FollowerController::getProfileData -> Fetching profile data of the given ID
20.05.2021 17:26 [info] 	[v1.0.0] ProfileController::getAllProfiles -> Fetching all profiles
20.05.2021 17:26 [info] 	[v1.0.0] FollowerController::getFollowersByProID -> Fetching followers data of the given profile ID
20.05.2021 17:26 [info] 	[v1.0.0] PostController::getPostByProfileID -> Fetching posts data of the given profile ID
20.05.2021 17:26 [info] 	[v1.0.0] FollowerController::getFollowersByProID -> Fetching followers data of the given profile ID
20.05.2021 17:26 [info] 	[v1.0.0] FollowerController::getProfileData -> Fetching profile data of the given ID
20.05.2021 17:26 [info] 	[v1.0.0] FollowerController::getProfileData -> Fetching profile data of the given ID
20.05.2021 17:26 [info] 	[v1.0.0] ProfileController::getProfileByID -> Fetching profile data of the given ID
20.05.2021 17:26 [info] 	[v1.0.0] ProfileController::getProfileByID -> Fetching profile data of the given ID
20.05.2021 17:26 [info] 	[v1.0.0] ProfileController::getProfileByID -> Fetching profile data of the given ID
20.05.2021 17:26 [info] 	[v1.0.0] FollowerController::getProfileData -> Fetching profile data of the given ID
20.05.2021 17:27 [info] 	[v1.0.0] FollowerController::getProfileData -> Fetching profile data of the given ID
20.05.2021 17:54 [info] 	[v1.0.0] FollowerController::getProfileData -> Fetching profile data of the given ID
20.05.2021 17:55 [info] 	[v1.0.0] FollowerController::getFollowersByProID -> Fetching followers data of the given profile ID
20.05.2021 17:55 [info] 	[v1.0.0] FollowerController::getProfileData -> Fetching profile data of the given ID
20.05.2021 17:55 [info] 	[v1.0.0] FollowerController::getFollowersByProID -> Fetching followers data of the given profile ID
20.05.2021 17:55 [info] 	[v1.0.0] FollowerController::getProfileData -> Fetching profile data of the given ID
20.05.2021 17:55 [info] 	[v1.0.0] ProfileController::insertProfile -> Operation complete
20.05.2021 17:55 [info] 	[v1.0.0] FollowerController::getFollowersByProID -> Fetching followers data of the given profile ID
20.05.2021 17:55 [info] 	[v1.0.0] FollowerController::getProfileData -> Fetching profile data of the given ID
20.05.2021 17:55 [info] 	[v1.0.0] FollowerController::getProfileData -> Fetching profile data of the given ID
20.05.2021 17:57 [info] 	[v1.0.0] FollowerController::getFollowersByProID -> Fetching followers data of the given profile ID
20.05.2021 17:57 [info] 	[v1.0.0] FollowerController::getProfileData -> Fetching profile data of the given ID
20.05.2021 17:57 [info] 	[v1.0.0] FollowerController::getProfileData -> Fetching profile data of the given ID
20.05.2021 17:58 [info] 	[v1.0.0] FollowerController::getFollowersByProID -> Fetching followers data of the given profile ID
20.05.2021 17:58 [info] 	[v1.0.0] FollowerController::getProfileData -> Fetching profile data of the given ID
20.05.2021 17:58 [info] 	[v1.0.0] FollowerController::getProfileData -> Fetching profile data of the given ID
20.05.2021 17:59 [info] 	[v1.0.0] FollowerController::getProfileData -> Fetching profile data of the given ID
20.05.2021 17:59 [info] 	[v1.0.0] FollowerController::getFollowersByProID -> Fetching followers data of the given profile ID
20.05.2021 17:59 [info] 	[v1.0.0] PostController::getPostByProfileID -> Fetching posts data of the given profile ID
20.05.2021 17:59 [info] 	[v1.0.0] FollowerController::getFollowersByProID -> Fetching followers data of the given profile ID
20.05.2021 17:59 [info] 	[v1.0.0] FollowerController::getProfileData -> Fetching profile data of the given ID
20.05.2021 17:59 [info] 	[v1.0.0] FollowerController::getProfileData -> Fetching profile data of the given ID
20.05.2021 17:59 [info] 	[v1.0.0] ProfileController::getAllProfiles -> Fetching all profiles
20.05.2021 17:59 [info] 	[v1.0.0] FollowerController::getFollowersByProID -> Fetching followers data of the given profile ID
20.05.2021 18:00 [info] 	[v1.0.0] FollowerController::getFollowersByProID -> Fetching followers data of the given profile ID
20.05.2021 18:00 [info] 	[v1.0.0] FollowerController::getProfileData -> Fetching profile data of the given ID
20.05.2021 18:00 [info] 	[v1.0.0] ProfileController::getAllProfiles -> Fetching all profiles
20.05.2021 18:00 [info] 	[v1.0.0] FollowerController::getFollowersByProID -> Fetching followers data of the given profile ID
20.05.2021 18:00 [info] 	[v1.0.0] FollowerController::unFollow -> Follower removed
20.05.2021 18:00 [info] 	[v1.0.0] FollowerController::addFollower -> Follower added
20.05.2021 18:00 [info] 	[v1.0.0] FollowerController::getFollowersByProID -> Fetching followers data of the given profile ID
20.05.2021 18:00 [info] 	[v1.0.0] FollowerController::getProfileData -> Fetching profile data of the given ID
20.05.2021 18:01 [info] 	[v1.0.0] PostController::getPostByProfileID -> Fetching posts data of the given profile ID
20.05.2021 18:01 [info] 	[v1.0.0] FollowerController::getFollowersByProID -> Fetching followers data of the given profile ID
20.05.2021 18:01 [info] 	[v1.0.0] FollowerController::getProfileData -> Fetching profile data of the given ID
20.05.2021 18:01 [info] 	[v1.0.0] ProfileController::insertProfile -> Operation complete
20.05.2021 18:01 [info] 	[v1.0.0] FollowerController::getFollowersByProID -> Fetching followers data of the given profile ID
20.05.2021 18:01 [info] 	[v1.0.0] FollowerController::getProfileData -> Fetching profile data of the given ID
20.05.2021 18:01 [info] 	[v1.0.0] PostController::getPostByProfileID -> Fetching posts data of the given profile ID
20.05.2021 18:01 [info] 	[v1.0.0] FollowerController::getProfileData -> Fetching profile data of the given ID
20.05.2021 18:01 [info] 	[v1.0.0] FollowerController::getFollowersByProID -> Fetching followers data of the given profile ID
20.05.2021 18:01 [info] 	[v1.0.0] ProfileController::getAllProfiles -> Fetching all profiles
20.05.2021 18:01 [info] 	[v1.0.0] FollowerController::getFollowersByProID -> Fetching followers data of the given profile ID
20.05.2021 18:02 [info] 	[v1.0.0] FollowerController::getProfileData -> Fetching profile data of the given ID
20.05.2021 18:02 [info] 	[v1.0.0] PostController::getPostByProfileID -> Fetching posts data of the given profile ID
20.05.2021 18:03 [info] 	[v1.0.0] PostController::getPostByProfileID -> Fetching posts data of the given profile ID
20.05.2021 18:03 [info] 	[v1.0.0] PostController::getPostByProfileID -> Fetching posts data of the given profile ID
20.05.2021 18:04 [info] 	[v1.0.0] PostController::getPostByProfileID -> Fetching posts data of the given profile ID
20.05.2021 18:04 [info] 	[v1.0.0] PostController::getPostByProfileID -> Fetching posts data of the given profile ID
20.05.2021 18:04 [info] 	[v1.0.0] PostController::getPostByProfileID -> Fetching posts data of the given profile ID
20.05.2021 18:04 [info] 	[v1.0.0] PostController::getPostByProfileID -> Fetching posts data of the given profile ID
20.05.2021 18:04 [info] 	[v1.0.0] PostController::getPostByProfileID -> Fetching posts data of the given profile ID
20.05.2021 18:05 [info] 	[v1.0.0] PostController::getPostByProfileID -> Fetching posts data of the given profile ID
20.05.2021 20:18 [info] 	[v1.0.0] Backend is running: http://0.0.0.0:3000
20.05.2021 20:18 [info] 	[v1.0.0] FollowerController::getFollowersByProID -> Fetching followers data of the given profile ID
20.05.2021 20:18 [info] 	[v1.0.0] FollowerController::getProfileData -> Fetching profile data of the given ID
20.05.2021 20:18 [info] 	[v1.0.0] Backend is running: http://0.0.0.0:3000
20.05.2021 20:19 [info] 	[v1.0.0] FollowerController::getFollowersByProID -> Fetching followers data of the given profile ID
20.05.2021 20:19 [info] 	[v1.0.0] FollowerController::getProfileData -> Fetching profile data of the given ID
20.05.2021 20:19 [info] 	[v1.0.0] FollowerController::getFollowersByProID -> Fetching followers data of the given profile ID
20.05.2021 20:19 [info] 	[v1.0.0] FollowerController::getProfileData -> Fetching profile data of the given ID
20.05.2021 20:20 [info] 	[v1.0.0] ProfileController::insertProfile -> Operation complete
20.05.2021 20:20 [info] 	[v1.0.0] FollowerController::getFollowersByProID -> Fetching followers data of the given profile ID
20.05.2021 20:20 [info] 	[v1.0.0] FollowerController::getProfileData -> Fetching profile data of the given ID
20.05.2021 20:21 [info] 	[v1.0.0] PostController::insertPost -> Post added
20.05.2021 20:21 [info] 	[v1.0.0] PostController::getPostByProfileID -> Fetching posts data of the given profile ID
20.05.2021 20:21 [info] 	[v1.0.0] FollowerController::getFollowersByProID -> Fetching followers data of the given profile ID
20.05.2021 20:21 [info] 	[v1.0.0] FollowerController::getProfileData -> Fetching profile data of the given ID
20.05.2021 20:21 [info] 	[v1.0.0] PostController::insertPost -> Post added
20.05.2021 20:21 [info] 	[v1.0.0] PostController::getPostByProfileID -> Fetching posts data of the given profile ID
20.05.2021 20:21 [info] 	[v1.0.0] FollowerController::getFollowersByProID -> Fetching followers data of the given profile ID
20.05.2021 20:21 [info] 	[v1.0.0] FollowerController::getProfileData -> Fetching profile data of the given ID
20.05.2021 20:21 [info] 	[v1.0.0] PostController::insertPost -> Post added
20.05.2021 20:21 [info] 	[v1.0.0] PostController::getPostByProfileID -> Fetching posts data of the given profile ID
20.05.2021 20:21 [info] 	[v1.0.0] FollowerController::getFollowersByProID -> Fetching followers data of the given profile ID
20.05.2021 20:21 [info] 	[v1.0.0] FollowerController::getProfileData -> Fetching profile data of the given ID
20.05.2021 20:21 [info] 	[v1.0.0] ProfileController::insertProfile -> Operation complete
20.05.2021 20:21 [info] 	[v1.0.0] FollowerController::getFollowersByProID -> Fetching followers data of the given profile ID
20.05.2021 20:21 [info] 	[v1.0.0] FollowerController::getProfileData -> Fetching profile data of the given ID
20.05.2021 20:22 [info] 	[v1.0.0] PostController::insertPost -> Post added
20.05.2021 20:22 [info] 	[v1.0.0] PostController::getPostByProfileID -> Fetching posts data of the given profile ID
20.05.2021 20:22 [info] 	[v1.0.0] FollowerController::getFollowersByProID -> Fetching followers data of the given profile ID
20.05.2021 20:22 [info] 	[v1.0.0] FollowerController::getProfileData -> Fetching profile data of the given ID
20.05.2021 20:22 [info] 	[v1.0.0] PostController::insertPost -> Post added
20.05.2021 20:22 [info] 	[v1.0.0] PostController::insertPost -> Post added
20.05.2021 20:22 [info] 	[v1.0.0] PostController::getPostByProfileID -> Fetching posts data of the given profile ID
20.05.2021 20:22 [info] 	[v1.0.0] FollowerController::getFollowersByProID -> Fetching followers data of the given profile ID
20.05.2021 20:22 [info] 	[v1.0.0] FollowerController::getProfileData -> Fetching profile data of the given ID
20.05.2021 20:22 [info] 	[v1.0.0] ProfileController::getAllProfiles -> Fetching all profiles
20.05.2021 20:22 [info] 	[v1.0.0] FollowerController::getFollowersByProID -> Fetching followers data of the given profile ID
20.05.2021 20:22 [info] 	[v1.0.0] FollowerController::addFollower -> Follower added
20.05.2021 20:22 [info] 	[v1.0.0] FollowerController::getProfileData -> Fetching profile data of the given ID
20.05.2021 20:23 [info] 	[v1.0.0] ProfileController::insertProfile -> Operation complete
20.05.2021 20:23 [info] 	[v1.0.0] FollowerController::getFollowersByProID -> Fetching followers data of the given profile ID
20.05.2021 20:23 [info] 	[v1.0.0] FollowerController::getProfileData -> Fetching profile data of the given ID
20.05.2021 20:23 [info] 	[v1.0.0] FollowerController::getProfileData -> Fetching profile data of the given ID
20.05.2021 20:23 [info] 	[v1.0.0] ProfileController::getAllProfiles -> Fetching all profiles
20.05.2021 20:23 [info] 	[v1.0.0] FollowerController::getFollowersByProID -> Fetching followers data of the given profile ID
20.05.2021 20:23 [info] 	[v1.0.0] FollowerController::addFollower -> Follower added
20.05.2021 20:23 [info] 	[v1.0.0] ProfileController::insertProfile -> Operation complete
20.05.2021 20:23 [info] 	[v1.0.0] FollowerController::getFollowersByProID -> Fetching followers data of the given profile ID
20.05.2021 20:23 [info] 	[v1.0.0] FollowerController::getProfileData -> Fetching profile data of the given ID
20.05.2021 20:23 [info] 	[v1.0.0] PostController::insertPost -> Post added
20.05.2021 20:23 [info] 	[v1.0.0] ProfileController::getAllProfiles -> Fetching all profiles
20.05.2021 20:23 [info] 	[v1.0.0] FollowerController::getFollowersByProID -> Fetching followers data of the given profile ID
20.05.2021 20:23 [info] 	[v1.0.0] FollowerController::addFollower -> Follower added
20.05.2021 20:23 [info] 	[v1.0.0] FollowerController::addFollower -> Follower added
20.05.2021 20:23 [info] 	[v1.0.0] FollowerController::getFollowersByProID -> Fetching followers data of the given profile ID
20.05.2021 20:23 [info] 	[v1.0.0] FollowerController::getProfileData -> Fetching profile data of the given ID
20.05.2021 20:23 [info] 	[v1.0.0] ProfileController::insertProfile -> Operation complete
20.05.2021 20:23 [info] 	[v1.0.0] FollowerController::getFollowersByProID -> Fetching followers data of the given profile ID
20.05.2021 20:23 [info] 	[v1.0.0] FollowerController::getProfileData -> Fetching profile data of the given ID
20.05.2021 20:23 [info] 	[v1.0.0] ProfileController::getAllProfiles -> Fetching all profiles
20.05.2021 20:23 [info] 	[v1.0.0] FollowerController::getFollowersByProID -> Fetching followers data of the given profile ID
20.05.2021 20:23 [info] 	[v1.0.0] FollowerController::addFollower -> Follower added
20.05.2021 20:23 [info] 	[v1.0.0] FollowerController::getFollowersByProID -> Fetching followers data of the given profile ID
20.05.2021 20:23 [info] 	[v1.0.0] FollowerController::getProfileData -> Fetching profile data of the given ID
20.05.2021 20:24 [info] 	[v1.0.0] FollowerController::getFollowersByProID -> Fetching followers data of the given profile ID
20.05.2021 20:24 [info] 	[v1.0.0] FollowerController::getProfileData -> Fetching profile data of the given ID
20.05.2021 20:24 [info] 	[v1.0.0] ProfileController::insertProfile -> Operation complete
20.05.2021 20:24 [info] 	[v1.0.0] FollowerController::getFollowersByProID -> Fetching followers data of the given profile ID
20.05.2021 20:24 [info] 	[v1.0.0] FollowerController::getProfileData -> Fetching profile data of the given ID
20.05.2021 20:24 [info] 	[v1.0.0] ProfileController::getAllProfiles -> Fetching all profiles
20.05.2021 20:24 [info] 	[v1.0.0] FollowerController::getFollowersByProID -> Fetching followers data of the given profile ID
20.05.2021 20:24 [info] 	[v1.0.0] FollowerController::addFollower -> Follower added
20.05.2021 20:24 [info] 	[v1.0.0] FollowerController::getFollowersByProID -> Fetching followers data of the given profile ID
20.05.2021 20:24 [info] 	[v1.0.0] FollowerController::getProfileData -> Fetching profile data of the given ID
20.05.2021 20:24 [info] 	[v1.0.0] FollowerController::getFollowersByProID -> Fetching followers data of the given profile ID
20.05.2021 20:24 [info] 	[v1.0.0] FollowerController::getProfileData -> Fetching profile data of the given ID
20.05.2021 20:24 [info] 	[v1.0.0] FollowerController::getFollowersByProID -> Fetching followers data of the given profile ID
20.05.2021 20:24 [info] 	[v1.0.0] FollowerController::getProfileData -> Fetching profile data of the given ID
20.05.2021 20:25 [info] 	[v1.0.0] FollowerController::getFollowersByProID -> Fetching followers data of the given profile ID
20.05.2021 20:25 [info] 	[v1.0.0] FollowerController::getProfileData -> Fetching profile data of the given ID
20.05.2021 20:25 [info] 	[v1.0.0] ProfileController::getAllProfiles -> Fetching all profiles
20.05.2021 20:25 [info] 	[v1.0.0] FollowerController::getFollowersByProID -> Fetching followers data of the given profile ID
20.05.2021 20:25 [info] 	[v1.0.0] FollowerController::addFollower -> Follower added
20.05.2021 20:25 [info] 	[v1.0.0] FollowerController::getFollowersByProID -> Fetching followers data of the given profile ID
20.05.2021 20:25 [info] 	[v1.0.0] FollowerController::getProfileData -> Fetching profile data of the given ID
20.05.2021 20:25 [info] 	[v1.0.0] FollowerController::getFollowersByProID -> Fetching followers data of the given profile ID
20.05.2021 20:25 [info] 	[v1.0.0] FollowerController::getProfileData -> Fetching profile data of the given ID
20.05.2021 20:25 [info] 	[v1.0.0] FollowerController::getFollowersByProID -> Fetching followers data of the given profile ID
20.05.2021 20:25 [info] 	[v1.0.0] FollowerController::getProfileData -> Fetching profile data of the given ID
20.05.2021 20:25 [info] 	[v1.0.0] ProfileController::getAllProfiles -> Fetching all profiles
20.05.2021 20:25 [info] 	[v1.0.0] FollowerController::getFollowersByProID -> Fetching followers data of the given profile ID
20.05.2021 20:25 [info] 	[v1.0.0] FollowerController::addFollower -> Follower added
20.05.2021 20:25 [info] 	[v1.0.0] FollowerController::getFollowersByProID -> Fetching followers data of the given profile ID
20.05.2021 20:25 [info] 	[v1.0.0] FollowerController::getProfileData -> Fetching profile data of the given ID
20.05.2021 22:25 [info] 	[v1.0.0] FollowerController::getProfileData -> Fetching profile data of the given ID
20.05.2021 22:35 [info] 	[v1.0.0] ProfileController::insertProfile -> Operation complete
20.05.2021 22:35 [info] 	[v1.0.0] FollowerController::getFollowersByProID -> Fetching followers data of the given profile ID
20.05.2021 22:35 [info] 	[v1.0.0] FollowerController::getProfileData -> Fetching profile data of the given ID
20.05.2021 22:35 [info] 	[v1.0.0] ProfileController::insertProfile -> Operation complete
20.05.2021 22:35 [info] 	[v1.0.0] FollowerController::getFollowersByProID -> Fetching followers data of the given profile ID
20.05.2021 22:35 [info] 	[v1.0.0] FollowerController::getProfileData -> Fetching profile data of the given ID
20.05.2021 22:35 [info] 	[v1.0.0] ProfileController::insertProfile -> Operation complete
20.05.2021 22:35 [info] 	[v1.0.0] FollowerController::getFollowersByProID -> Fetching followers data of the given profile ID
20.05.2021 22:35 [info] 	[v1.0.0] FollowerController::getProfileData -> Fetching profile data of the given ID
20.05.2021 22:40 [info] 	[v1.0.0] ProfileController::getAllProfiles -> Fetching all profiles
20.05.2021 22:40 [info] 	[v1.0.0] FollowerController::getFollowersByProID -> Fetching followers data of the given profile ID
20.05.2021 22:40 [info] 	[v1.0.0] FollowerController::unFollow -> Follower removed
20.05.2021 22:41 [info] 	[v1.0.0] FollowerController::addFollower -> Follower added
20.05.2021 22:41 [info] 	[v1.0.0] FollowerController::unFollow -> Follower removed
20.05.2021 22:41 [info] 	[v1.0.0] PostController::getPostByProfileID -> Fetching posts data of the given profile ID
20.05.2021 22:41 [info] 	[v1.0.0] FollowerController::getFollowersByProID -> Fetching followers data of the given profile ID
20.05.2021 22:41 [info] 	[v1.0.0] FollowerController::getProfileData -> Fetching profile data of the given ID
20.05.2021 22:42 [info] 	[v1.0.0] FollowerController::getProfileData -> Fetching profile data of the given ID
20.05.2021 22:43 [info] 	[v1.0.0] FollowerController::getFollowersByProID -> Fetching followers data of the given profile ID
20.05.2021 22:43 [info] 	[v1.0.0] FollowerController::getProfileData -> Fetching profile data of the given ID
20.05.2021 22:43 [info] 	[v1.0.0] FollowerController::getFollowersByProID -> Fetching followers data of the given profile ID
20.05.2021 22:43 [info] 	[v1.0.0] FollowerController::getProfileData -> Fetching profile data of the given ID
20.05.2021 22:44 [info] 	[v1.0.0] FollowerController::getFollowersByProID -> Fetching followers data of the given profile ID
20.05.2021 22:44 [info] 	[v1.0.0] FollowerController::getProfileData -> Fetching profile data of the given ID
20.05.2021 22:44 [info] 	[v1.0.0] FollowerController::getFollowersByProID -> Fetching followers data of the given profile ID
20.05.2021 22:44 [info] 	[v1.0.0] FollowerController::getProfileData -> Fetching profile data of the given ID
20.05.2021 22:44 [info] 	[v1.0.0] FollowerController::getFollowersByProID -> Fetching followers data of the given profile ID
20.05.2021 22:44 [info] 	[v1.0.0] FollowerController::getProfileData -> Fetching profile data of the given ID
20.05.2021 22:45 [info] 	[v1.0.0] FollowerController::getFollowersByProID -> Fetching followers data of the given profile ID
20.05.2021 22:45 [info] 	[v1.0.0] FollowerController::getProfileData -> Fetching profile data of the given ID
20.05.2021 22:45 [info] 	[v1.0.0] ProfileController::getAllProfiles -> Fetching all profiles
20.05.2021 22:45 [info] 	[v1.0.0] FollowerController::getFollowersByProID -> Fetching followers data of the given profile ID
20.05.2021 22:45 [info] 	[v1.0.0] FollowerController::addFollower -> Follower added
20.05.2021 22:45 [info] 	[v1.0.0] FollowerController::getProfileData -> Fetching profile data of the given ID
20.05.2021 22:45 [info] 	[v1.0.0] FollowerController::getProfileData -> Fetching profile data of the given ID
20.05.2021 22:47 [info] 	[v1.0.0] ProfileController::getAllProfiles -> Fetching all profiles
20.05.2021 22:47 [info] 	[v1.0.0] FollowerController::getFollowersByProID -> Fetching followers data of the given profile ID
20.05.2021 22:47 [info] 	[v1.0.0] PostController::getPostByProfileID -> Fetching posts data of the given profile ID
20.05.2021 22:47 [info] 	[v1.0.0] FollowerController::getFollowersByProID -> Fetching followers data of the given profile ID
20.05.2021 22:47 [info] 	[v1.0.0] FollowerController::getProfileData -> Fetching profile data of the given ID
20.05.2021 22:47 [info] 	[v1.0.0] FollowerController::getProfileData -> Fetching profile data of the given ID
20.05.2021 22:55 [info] 	[v1.0.0] Backend is running: http://0.0.0.0:3000
20.05.2021 22:55 [info] 	[v1.0.0] FollowerController::getFollowersByProID -> Fetching followers data of the given profile ID
20.05.2021 22:55 [info] 	[v1.0.0] FollowerController::getProfileData -> Fetching profile data of the given ID
20.05.2021 22:55 [info] 	[v1.0.0] ProfileController::getProfileByID -> Fetching profile data of the given ID
20.05.2021 22:55 [info] 	[v1.0.0] ProfileController::getProfileByID -> Fetching profile data of the given ID
20.05.2021 22:55 [info] 	[v1.0.0] ProfileController::getProfileByID -> Fetching profile data of the given ID
